<?xml version="1.0" encoding="UTF-8"?>
<!-- Generated by org.testng.reporters.JUnitReportReporter -->
<testsuite hostname="seeni" failures="0" tests="1" name="TestCases.LoginTC" time="0.008" errors="0" timestamp="2024-12-25T21:16:29 IST" skipped="0">
  <testcase classname="TestCases.LoginTC" name="credentials" time="0.008"/>
</testsuite> <!-- TestCases.LoginTC -->
