<?xml version="1.0" encoding="UTF-8"?>
<!-- Generated by org.testng.reporters.JUnitReportReporter -->
<testsuite hostname="seeni" failures="0" tests="3" name="TestCases.Logintest" time="13.766" errors="0" timestamp="2024-12-26T00:19:32 IST" skipped="0">
  <testcase classname="TestCases.Logintest" name="credentials" time="6.887"/>
  <testcase classname="TestCases.Logintest" name="credentialsUsingJson" time="3.475"/>
  <testcase classname="TestCases.Logintest" name="credentialsUsingJson" time="3.404"/>
</testsuite> <!-- TestCases.Logintest -->
