<?xml version="1.0" encoding="UTF-8"?>
<!-- Generated by org.testng.reporters.JUnitReportReporter -->
<testsuite hostname="seeni" failures="0" tests="4" name="TestCases.Logintest" time="13.436" errors="0" timestamp="2025-01-04T12:18:28 IST" skipped="0">
  <testcase classname="TestCases.Logintest" name="credentials" time="5.939"/>
  <testcase classname="TestCases.Logintest" name="getDataFromExcel" time="2.699"/>
  <testcase classname="TestCases.Logintest" name="credentialsUsingJson" time="2.399"/>
  <testcase classname="TestCases.Logintest" name="credentialsUsingJson" time="2.399"/>
</testsuite> <!-- TestCases.Logintest -->
